{"/Users/giovannisalas/repos/eden-heardle-cronjobs/src/app.ts": {"path":"/Users/giovannisalas/repos/eden-heardle-cronjobs/src/app.ts","statementMap":{"0":{"start":{"line":1,"column":0},"end":{"line":1,"column":30}},"1":{"start":{"line":2,"column":0},"end":{"line":2,"column":28}},"2":{"start":{"line":3,"column":0},"end":{"line":3,"column":61}},"3":{"start":{"line":4,"column":0},"end":{"line":4,"column":24}},"4":{"start":{"line":5,"column":0},"end":{"line":5,"column":50}},"5":{"start":{"line":6,"column":0},"end":{"line":6,"column":50}},"6":{"start":{"line":8,"column":0},"end":{"line":8,"column":16}},"7":{"start":{"line":10,"column":0},"end":{"line":10,"column":23}},"8":{"start":{"line":12,"column":12},"end":{"line":12,"column":21}},"9":{"start":{"line":14,"column":0},"end":{"line":14,"column":24}},"10":{"start":{"line":15,"column":0},"end":{"line":15,"column":27}},"11":{"start":{"line":17,"column":0},"end":{"line":17,"column":51}},"12":{"start":{"line":18,"column":0},"end":{"line":18,"column":76}},"13":{"start":{"line":18,"column":23},"end":{"line":18,"column":74}},"14":{"start":{"line":20,"column":0},"end":{"line":20,"column":19}}},"fnMap":{"0":{"name":"(anonymous_1)","decl":{"start":{"line":18,"column":8},"end":{"line":18,"column":9}},"loc":{"start":{"line":18,"column":23},"end":{"line":18,"column":74}}}},"branchMap":{},"s":{"0":1,"1":1,"2":1,"3":1,"4":1,"5":1,"6":1,"7":1,"8":1,"9":1,"10":1,"11":1,"12":1,"13":0,"14":1},"f":{"0":0},"b":{}}
,"/Users/giovannisalas/repos/eden-heardle-cronjobs/src/controllers/customHeardleController.ts": {"path":"/Users/giovannisalas/repos/eden-heardle-cronjobs/src/controllers/customHeardleController.ts","statementMap":{"0":{"start":{"line":2,"column":0},"end":{"line":2,"column":35}},"1":{"start":{"line":3,"column":0},"end":{"line":3,"column":51}},"2":{"start":{"line":4,"column":0},"end":{"line":4,"column":50}},"3":{"start":{"line":5,"column":0},"end":{"line":5,"column":81}},"4":{"start":{"line":7,"column":28},"end":{"line":21,"column":2}},"5":{"start":{"line":7,"column":66},"end":{"line":21,"column":2}},"6":{"start":{"line":8,"column":2},"end":{"line":20,"column":3}},"7":{"start":{"line":9,"column":40},"end":{"line":9,"column":66}},"8":{"start":{"line":11,"column":4},"end":{"line":11,"column":64}},"9":{"start":{"line":13,"column":17},"end":{"line":13,"column":59}},"10":{"start":{"line":15,"column":4},"end":{"line":15,"column":66}},"11":{"start":{"line":16,"column":4},"end":{"line":16,"column":71}},"12":{"start":{"line":18,"column":4},"end":{"line":18,"column":34}},"13":{"start":{"line":19,"column":4},"end":{"line":19,"column":95}},"14":{"start":{"line":41,"column":9},"end":{"line":41,"column":28}},"15":{"start":{"line":23,"column":28},"end":{"line":39,"column":2}},"16":{"start":{"line":23,"column":66},"end":{"line":39,"column":2}},"17":{"start":{"line":24,"column":2},"end":{"line":38,"column":3}},"18":{"start":{"line":25,"column":34},"end":{"line":25,"column":62}},"19":{"start":{"line":27,"column":4},"end":{"line":27,"column":66}},"20":{"start":{"line":29,"column":4},"end":{"line":31,"column":7}},"21":{"start":{"line":33,"column":4},"end":{"line":33,"column":66}},"22":{"start":{"line":34,"column":4},"end":{"line":34,"column":65}},"23":{"start":{"line":36,"column":4},"end":{"line":36,"column":34}},"24":{"start":{"line":37,"column":4},"end":{"line":37,"column":95}},"25":{"start":{"line":41,"column":30},"end":{"line":41,"column":49}}},"fnMap":{"0":{"name":"(anonymous_8)","decl":{"start":{"line":7,"column":28},"end":{"line":7,"column":35}},"loc":{"start":{"line":7,"column":66},"end":{"line":21,"column":2}}},"1":{"name":"(anonymous_9)","decl":{"start":{"line":7,"column":66},"end":{"line":7,"column":null}},"loc":{"start":{"line":7,"column":66},"end":{"line":21,"column":1}}},"2":{"name":"(anonymous_10)","decl":{"start":{"line":23,"column":28},"end":{"line":23,"column":35}},"loc":{"start":{"line":23,"column":66},"end":{"line":39,"column":2}}},"3":{"name":"(anonymous_11)","decl":{"start":{"line":23,"column":66},"end":{"line":23,"column":null}},"loc":{"start":{"line":23,"column":66},"end":{"line":39,"column":1}}}},"branchMap":{},"s":{"0":1,"1":1,"2":1,"3":1,"4":1,"5":2,"6":2,"7":2,"8":1,"9":1,"10":1,"11":1,"12":1,"13":1,"14":1,"15":1,"16":2,"17":2,"18":2,"19":1,"20":1,"21":1,"22":1,"23":1,"24":1,"25":1},"f":{"0":2,"1":2,"2":2,"3":2},"b":{}}
,"/Users/giovannisalas/repos/eden-heardle-cronjobs/src/lib/cron.ts": {"path":"/Users/giovannisalas/repos/eden-heardle-cronjobs/src/lib/cron.ts","statementMap":{"0":{"start":{"line":1,"column":0},"end":{"line":1,"column":31}},"1":{"start":{"line":2,"column":0},"end":{"line":2,"column":53}},"2":{"start":{"line":4,"column":36},"end":{"line":10,"column":1}},"3":{"start":{"line":5,"column":2},"end":{"line":5,"column":46}},"4":{"start":{"line":5,"column":39},"end":{"line":5,"column":46}},"5":{"start":{"line":7,"column":23},"end":{"line":7,"column":136}},"6":{"start":{"line":9,"column":2},"end":{"line":9,"column":22}},"7":{"start":{"line":4,"column":13},"end":{"line":4,"column":36}}},"fnMap":{"0":{"name":"(anonymous_0)","decl":{"start":{"line":4,"column":36},"end":{"line":4,"column":39}},"loc":{"start":{"line":4,"column":41},"end":{"line":10,"column":1}}}},"branchMap":{"0":{"loc":{"start":{"line":5,"column":2},"end":{"line":5,"column":46}},"type":"if","locations":[{"start":{"line":5,"column":2},"end":{"line":5,"column":46}}]}},"s":{"0":1,"1":1,"2":1,"3":1,"4":1,"5":0,"6":0,"7":1},"f":{"0":1},"b":{"0":[1]}}
,"/Users/giovannisalas/repos/eden-heardle-cronjobs/src/lib/supabase.ts": {"path":"/Users/giovannisalas/repos/eden-heardle-cronjobs/src/lib/supabase.ts","statementMap":{"0":{"start":{"line":1,"column":0},"end":{"line":1,"column":53}},"1":{"start":{"line":4,"column":17},"end":{"line":4,"column":83}},"2":{"start":{"line":6,"column":0},"end":{"line":6,"column":24}}},"fnMap":{},"branchMap":{},"s":{"0":2,"1":2,"2":2},"f":{},"b":{}}
,"/Users/giovannisalas/repos/eden-heardle-cronjobs/src/routes/customHeardle.ts": {"path":"/Users/giovannisalas/repos/eden-heardle-cronjobs/src/routes/customHeardle.ts","statementMap":{"0":{"start":{"line":1,"column":0},"end":{"line":1,"column":33}},"1":{"start":{"line":2,"column":0},"end":{"line":2,"column":98}},"2":{"start":{"line":4,"column":28},"end":{"line":4,"column":36}},"3":{"start":{"line":14,"column":9},"end":{"line":14,"column":28}},"4":{"start":{"line":6,"column":0},"end":{"line":8,"column":3}},"5":{"start":{"line":7,"column":2},"end":{"line":7,"column":51}},"6":{"start":{"line":10,"column":0},"end":{"line":10,"column":51}},"7":{"start":{"line":12,"column":0},"end":{"line":12,"column":53}}},"fnMap":{"0":{"name":"(anonymous_0)","decl":{"start":{"line":6,"column":29},"end":{"line":6,"column":30}},"loc":{"start":{"line":6,"column":43},"end":{"line":8,"column":1}}}},"branchMap":{},"s":{"0":1,"1":1,"2":1,"3":1,"4":1,"5":1,"6":1,"7":1},"f":{"0":1},"b":{}}
,"/Users/giovannisalas/repos/eden-heardle-cronjobs/src/utils/corsOptions.ts": {"path":"/Users/giovannisalas/repos/eden-heardle-cronjobs/src/utils/corsOptions.ts","statementMap":{"0":{"start":{"line":3,"column":18},"end":{"line":3,"column":99}},"1":{"start":{"line":5,"column":13},"end":{"line":16,"column":2}},"2":{"start":{"line":7,"column":4},"end":{"line":11,"column":5}},"3":{"start":{"line":8,"column":6},"end":{"line":8,"column":27}},"4":{"start":{"line":10,"column":6},"end":{"line":10,"column":49}}},"fnMap":{"0":{"name":"(anonymous_0)","decl":{"start":{"line":6,"column":10},"end":{"line":6,"column":20}},"loc":{"start":{"line":6,"column":36},"end":{"line":12,"column":3}}}},"branchMap":{"0":{"loc":{"start":{"line":3,"column":18},"end":{"line":3,"column":99}},"type":"cond-expr","locations":[{"start":{"line":3,"column":52},"end":{"line":3,"column":94}},{"start":{"line":3,"column":97},"end":{"line":3,"column":99}}]},"1":{"loc":{"start":{"line":7,"column":4},"end":{"line":11,"column":5}},"type":"if","locations":[{"start":{"line":7,"column":4},"end":{"line":11,"column":5}},{"start":{"line":9,"column":11},"end":{"line":11,"column":5}}]},"2":{"loc":{"start":{"line":7,"column":8},"end":{"line":7,"column":51}},"type":"binary-expr","locations":[{"start":{"line":7,"column":8},"end":{"line":7,"column":15}},{"start":{"line":7,"column":19},"end":{"line":7,"column":51}}]}},"s":{"0":1,"1":1,"2":5,"3":5,"4":0},"f":{"0":5},"b":{"0":[1,0],"1":[5,0],"2":[5,0]}}
,"/Users/giovannisalas/repos/eden-heardle-cronjobs/src/utils/downloadMp3.ts": {"path":"/Users/giovannisalas/repos/eden-heardle-cronjobs/src/utils/downloadMp3.ts","statementMap":{"0":{"start":{"line":2,"column":0},"end":{"line":2,"column":35}},"1":{"start":{"line":3,"column":0},"end":{"line":3,"column":53}},"2":{"start":{"line":4,"column":0},"end":{"line":4,"column":30}},"3":{"start":{"line":5,"column":0},"end":{"line":5,"column":29}},"4":{"start":{"line":6,"column":0},"end":{"line":6,"column":35}},"5":{"start":{"line":7,"column":0},"end":{"line":7,"column":39}},"6":{"start":{"line":8,"column":0},"end":{"line":8,"column":43}},"7":{"start":{"line":9,"column":0},"end":{"line":9,"column":48}},"8":{"start":{"line":17,"column":20},"end":{"line":17,"column":45}},"9":{"start":{"line":20,"column":2},"end":{"line":35,"column":5}},"10":{"start":{"line":21,"column":4},"end":{"line":34,"column":9}},"11":{"start":{"line":27,"column":31},"end":{"line":30,"column":8}},"12":{"start":{"line":28,"column":8},"end":{"line":28,"column":69}},"13":{"start":{"line":29,"column":8},"end":{"line":29,"column":42}},"14":{"start":{"line":32,"column":8},"end":{"line":32,"column":77}},"15":{"start":{"line":33,"column":8},"end":{"line":33,"column":20}},"16":{"start":{"line":19,"column":0},"end":{"line":19,"column":22}},"17":{"start":{"line":39,"column":2},"end":{"line":54,"column":5}},"18":{"start":{"line":41,"column":4},"end":{"line":53,"column":47}},"19":{"start":{"line":45,"column":28},"end":{"line":48,"column":8}},"20":{"start":{"line":46,"column":8},"end":{"line":46,"column":57}},"21":{"start":{"line":47,"column":8},"end":{"line":47,"column":51}},"22":{"start":{"line":50,"column":8},"end":{"line":50,"column":71}},"23":{"start":{"line":51,"column":8},"end":{"line":51,"column":20}},"24":{"start":{"line":38,"column":0},"end":{"line":38,"column":22}},"25":{"start":{"line":58,"column":2},"end":{"line":76,"column":5}},"26":{"start":{"line":59,"column":4},"end":{"line":75,"column":5}},"27":{"start":{"line":60,"column":25},"end":{"line":60,"column":47}},"28":{"start":{"line":62,"column":22},"end":{"line":62,"column":67}},"29":{"start":{"line":63,"column":6},"end":{"line":63,"column":54}},"30":{"start":{"line":65,"column":22},"end":{"line":69,"column":8}},"31":{"start":{"line":71,"column":6},"end":{"line":71,"column":23}},"32":{"start":{"line":73,"column":6},"end":{"line":73,"column":53}},"33":{"start":{"line":74,"column":6},"end":{"line":74,"column":18}},"34":{"start":{"line":57,"column":0},"end":{"line":57,"column":22}},"35":{"start":{"line":80,"column":2},"end":{"line":190,"column":3}},"36":{"start":{"line":81,"column":21},"end":{"line":81,"column":31}},"37":{"start":{"line":84,"column":40},"end":{"line":88,"column":6}},"38":{"start":{"line":89,"column":4},"end":{"line":89,"column":105}},"39":{"start":{"line":89,"column":37},"end":{"line":89,"column":105}},"40":{"start":{"line":91,"column":4},"end":{"line":91,"column":52}},"41":{"start":{"line":93,"column":35},"end":{"line":93,"column":135}},"42":{"start":{"line":94,"column":4},"end":{"line":97,"column":5}},"43":{"start":{"line":95,"column":6},"end":{"line":95,"column":39}},"44":{"start":{"line":96,"column":6},"end":{"line":96,"column":73}},"45":{"start":{"line":99,"column":4},"end":{"line":99,"column":49}},"46":{"start":{"line":101,"column":38},"end":{"line":101,"column":139}},"47":{"start":{"line":102,"column":4},"end":{"line":105,"column":5}},"48":{"start":{"line":103,"column":6},"end":{"line":103,"column":36}},"49":{"start":{"line":104,"column":6},"end":{"line":104,"column":79}},"50":{"start":{"line":107,"column":4},"end":{"line":107,"column":61}},"51":{"start":{"line":109,"column":26},"end":{"line":120,"column":6}},"52":{"start":{"line":122,"column":4},"end":{"line":122,"column":95}},"53":{"start":{"line":124,"column":4},"end":{"line":124,"column":53}},"54":{"start":{"line":127,"column":30},"end":{"line":131,"column":6}},"55":{"start":{"line":132,"column":4},"end":{"line":133,"column":92}},"56":{"start":{"line":133,"column":6},"end":{"line":133,"column":92}},"57":{"start":{"line":135,"column":4},"end":{"line":135,"column":56}},"58":{"start":{"line":138,"column":35},"end":{"line":138,"column":135}},"59":{"start":{"line":139,"column":4},"end":{"line":143,"column":5}},"60":{"start":{"line":140,"column":6},"end":{"line":140,"column":39}},"61":{"start":{"line":145,"column":4},"end":{"line":145,"column":52}},"62":{"start":{"line":147,"column":35},"end":{"line":147,"column":153}},"63":{"start":{"line":148,"column":4},"end":{"line":151,"column":5}},"64":{"start":{"line":149,"column":6},"end":{"line":149,"column":39}},"65":{"start":{"line":150,"column":6},"end":{"line":150,"column":73}},"66":{"start":{"line":153,"column":4},"end":{"line":153,"column":49}},"67":{"start":{"line":155,"column":38},"end":{"line":155,"column":157}},"68":{"start":{"line":156,"column":4},"end":{"line":159,"column":5}},"69":{"start":{"line":157,"column":6},"end":{"line":157,"column":36}},"70":{"start":{"line":158,"column":6},"end":{"line":158,"column":79}},"71":{"start":{"line":161,"column":4},"end":{"line":161,"column":61}},"72":{"start":{"line":163,"column":4},"end":{"line":185,"column":7}},"73":{"start":{"line":187,"column":4},"end":{"line":187,"column":89}},"74":{"start":{"line":189,"column":4},"end":{"line":189,"column":23}},"75":{"start":{"line":79,"column":0},"end":{"line":79,"column":22}},"76":{"start":{"line":194,"column":19},"end":{"line":194,"column":56}},"77":{"start":{"line":195,"column":22},"end":{"line":195,"column":61}},"78":{"start":{"line":197,"column":2},"end":{"line":209,"column":3}},"79":{"start":{"line":198,"column":4},"end":{"line":198,"column":63}},"80":{"start":{"line":200,"column":24},"end":{"line":200,"column":81}},"81":{"start":{"line":201,"column":20},"end":{"line":201,"column":62}},"82":{"start":{"line":203,"column":29},"end":{"line":203,"column":98}},"83":{"start":{"line":205,"column":4},"end":{"line":205,"column":28}},"84":{"start":{"line":207,"column":4},"end":{"line":207,"column":29}},"85":{"start":{"line":208,"column":4},"end":{"line":208,"column":76}},"86":{"start":{"line":193,"column":0},"end":{"line":193,"column":22}}},"fnMap":{"0":{"name":"ytdlDownload","decl":{"start":{"line":19,"column":22},"end":{"line":19,"column":34}},"loc":{"start":{"line":19,"column":104},"end":{"line":36,"column":null}}},"1":{"name":"(anonymous_10)","decl":{"start":{"line":20,"column":21},"end":{"line":20,"column":22}},"loc":{"start":{"line":20,"column":41},"end":{"line":35,"column":3}}},"2":{"name":"(anonymous_11)","decl":{"start":{"line":27,"column":20},"end":{"line":27,"column":29}},"loc":{"start":{"line":27,"column":31},"end":{"line":30,"column":8}}},"3":{"name":"(anonymous_12)","decl":{"start":{"line":27,"column":31},"end":{"line":27,"column":null}},"loc":{"start":{"line":27,"column":31},"end":{"line":30,"column":7}}},"4":{"name":"(anonymous_13)","decl":{"start":{"line":31,"column":19},"end":{"line":31,"column":20}},"loc":{"start":{"line":31,"column":36},"end":{"line":34,"column":7}}},"5":{"name":"m4aToMp3","decl":{"start":{"line":38,"column":22},"end":{"line":38,"column":30}},"loc":{"start":{"line":38,"column":91},"end":{"line":55,"column":null}}},"6":{"name":"(anonymous_16)","decl":{"start":{"line":39,"column":21},"end":{"line":39,"column":22}},"loc":{"start":{"line":39,"column":41},"end":{"line":54,"column":3}}},"7":{"name":"(anonymous_17)","decl":{"start":{"line":45,"column":17},"end":{"line":45,"column":26}},"loc":{"start":{"line":45,"column":28},"end":{"line":48,"column":8}}},"8":{"name":"(anonymous_18)","decl":{"start":{"line":45,"column":28},"end":{"line":45,"column":null}},"loc":{"start":{"line":45,"column":28},"end":{"line":48,"column":7}}},"9":{"name":"(anonymous_19)","decl":{"start":{"line":49,"column":19},"end":{"line":49,"column":20}},"loc":{"start":{"line":49,"column":36},"end":{"line":52,"column":7}}},"10":{"name":"getMp3File","decl":{"start":{"line":57,"column":22},"end":{"line":57,"column":32}},"loc":{"start":{"line":57,"column":71},"end":{"line":77,"column":null}}},"11":{"name":"(anonymous_22)","decl":{"start":{"line":58,"column":21},"end":{"line":58,"column":22}},"loc":{"start":{"line":58,"column":41},"end":{"line":76,"column":3}}},"12":{"name":"uploadToDatabase","decl":{"start":{"line":79,"column":22},"end":{"line":79,"column":38}},"loc":{"start":{"line":79,"column":125},"end":{"line":191,"column":null}}},"13":{"name":"downloadMp3","decl":{"start":{"line":193,"column":22},"end":{"line":193,"column":33}},"loc":{"start":{"line":193,"column":80},"end":{"line":210,"column":null}}}},"branchMap":{"0":{"loc":{"start":{"line":80,"column":2},"end":{"line":190,"column":3}},"type":"if","locations":[{"start":{"line":80,"column":2},"end":{"line":190,"column":3}},{"start":{"line":125,"column":9},"end":{"line":190,"column":3}}]},"1":{"loc":{"start":{"line":89,"column":4},"end":{"line":89,"column":105}},"type":"if","locations":[{"start":{"line":89,"column":4},"end":{"line":89,"column":105}}]},"2":{"loc":{"start":{"line":94,"column":4},"end":{"line":97,"column":5}},"type":"if","locations":[{"start":{"line":94,"column":4},"end":{"line":97,"column":5}}]},"3":{"loc":{"start":{"line":102,"column":4},"end":{"line":105,"column":5}},"type":"if","locations":[{"start":{"line":102,"column":4},"end":{"line":105,"column":5}}]},"4":{"loc":{"start":{"line":116,"column":14},"end":{"line":116,"column":42}},"type":"cond-expr","locations":[{"start":{"line":116,"column":29},"end":{"line":116,"column":33}},{"start":{"line":116,"column":33},"end":{"line":116,"column":42}}]},"5":{"loc":{"start":{"line":116,"column":14},"end":{"line":116,"column":33}},"type":"binary-expr","locations":[{"start":{"line":116,"column":14},"end":{"line":116,"column":33}},{"start":{"line":116,"column":29},"end":{"line":116,"column":33}}]},"6":{"loc":{"start":{"line":116,"column":14},"end":{"line":116,"column":29}},"type":"cond-expr","locations":[{"start":{"line":116,"column":18},"end":{"line":116,"column":20}},{"start":{"line":116,"column":14},"end":{"line":116,"column":29}}]},"7":{"loc":{"start":{"line":116,"column":14},"end":{"line":116,"column":20}},"type":"binary-expr","locations":[{"start":{"line":116,"column":14},"end":{"line":116,"column":20}},{"start":{"line":116,"column":14},"end":{"line":116,"column":20}}]},"8":{"loc":{"start":{"line":132,"column":4},"end":{"line":133,"column":92}},"type":"if","locations":[{"start":{"line":132,"column":4},"end":{"line":133,"column":92}}]},"9":{"loc":{"start":{"line":132,"column":8},"end":{"line":132,"column":113}},"type":"binary-expr","locations":[{"start":{"line":132,"column":8},"end":{"line":132,"column":26}},{"start":{"line":132,"column":30},"end":{"line":132,"column":67}},{"start":{"line":132,"column":71},"end":{"line":132,"column":113}}]},"10":{"loc":{"start":{"line":139,"column":4},"end":{"line":143,"column":5}},"type":"if","locations":[{"start":{"line":139,"column":4},"end":{"line":143,"column":5}}]},"11":{"loc":{"start":{"line":148,"column":4},"end":{"line":151,"column":5}},"type":"if","locations":[{"start":{"line":148,"column":4},"end":{"line":151,"column":5}}]},"12":{"loc":{"start":{"line":156,"column":4},"end":{"line":159,"column":5}},"type":"if","locations":[{"start":{"line":156,"column":4},"end":{"line":159,"column":5}}]},"13":{"loc":{"start":{"line":171,"column":14},"end":{"line":171,"column":29}},"type":"cond-expr","locations":[{"start":{"line":171,"column":18},"end":{"line":171,"column":20}},{"start":{"line":171,"column":14},"end":{"line":171,"column":29}}]},"14":{"loc":{"start":{"line":171,"column":14},"end":{"line":171,"column":20}},"type":"binary-expr","locations":[{"start":{"line":171,"column":14},"end":{"line":171,"column":20}},{"start":{"line":171,"column":14},"end":{"line":171,"column":20}}]},"15":{"loc":{"start":{"line":181,"column":14},"end":{"line":181,"column":42}},"type":"cond-expr","locations":[{"start":{"line":181,"column":29},"end":{"line":181,"column":33}},{"start":{"line":181,"column":33},"end":{"line":181,"column":42}}]},"16":{"loc":{"start":{"line":181,"column":14},"end":{"line":181,"column":33}},"type":"binary-expr","locations":[{"start":{"line":181,"column":14},"end":{"line":181,"column":33}},{"start":{"line":181,"column":29},"end":{"line":181,"column":33}}]},"17":{"loc":{"start":{"line":181,"column":14},"end":{"line":181,"column":29}},"type":"cond-expr","locations":[{"start":{"line":181,"column":18},"end":{"line":181,"column":20}},{"start":{"line":181,"column":14},"end":{"line":181,"column":29}}]},"18":{"loc":{"start":{"line":181,"column":14},"end":{"line":181,"column":20}},"type":"binary-expr","locations":[{"start":{"line":181,"column":14},"end":{"line":181,"column":20}},{"start":{"line":181,"column":14},"end":{"line":181,"column":20}}]},"19":{"loc":{"start":{"line":194,"column":19},"end":{"line":194,"column":56}},"type":"cond-expr","locations":[{"start":{"line":194,"column":28},"end":{"line":194,"column":41}},{"start":{"line":194,"column":44},"end":{"line":194,"column":56}}]},"20":{"loc":{"start":{"line":195,"column":22},"end":{"line":195,"column":61}},"type":"cond-expr","locations":[{"start":{"line":195,"column":31},"end":{"line":195,"column":45}},{"start":{"line":195,"column":48},"end":{"line":195,"column":61}}]}},"s":{"0":2,"1":2,"2":2,"3":2,"4":2,"5":2,"6":2,"7":2,"8":2,"9":0,"10":0,"11":0,"12":0,"13":0,"14":0,"15":0,"16":2,"17":0,"18":0,"19":0,"20":0,"21":0,"22":0,"23":0,"24":2,"25":0,"26":0,"27":0,"28":0,"29":0,"30":0,"31":0,"32":0,"33":0,"34":2,"35":0,"36":0,"37":0,"38":0,"39":0,"40":0,"41":0,"42":0,"43":0,"44":0,"45":0,"46":0,"47":0,"48":0,"49":0,"50":0,"51":0,"52":0,"53":0,"54":0,"55":0,"56":0,"57":0,"58":0,"59":0,"60":0,"61":0,"62":0,"63":0,"64":0,"65":0,"66":0,"67":0,"68":0,"69":0,"70":0,"71":0,"72":0,"73":0,"74":0,"75":2,"76":0,"77":0,"78":0,"79":0,"80":0,"81":0,"82":0,"83":0,"84":0,"85":0,"86":2},"f":{"0":0,"1":0,"2":0,"3":0,"4":0,"5":0,"6":0,"7":0,"8":0,"9":0,"10":0,"11":0,"12":0,"13":0},"b":{"0":[0,0],"1":[0],"2":[0],"3":[0],"4":[0,0],"5":[0,0],"6":[0,0],"7":[0,0],"8":[0],"9":[0,0,0],"10":[0],"11":[0],"12":[0],"13":[0,0],"14":[0,0],"15":[0,0],"16":[0,0],"17":[0,0],"18":[0,0],"19":[0,0],"20":[0,0]}}
,"/Users/giovannisalas/repos/eden-heardle-cronjobs/src/utils/logger.ts": {"path":"/Users/giovannisalas/repos/eden-heardle-cronjobs/src/utils/logger.ts","statementMap":{"0":{"start":{"line":1,"column":0},"end":{"line":1,"column":null}},"1":{"start":{"line":2,"column":2},"end":{"line":2,"column":null}},"2":{"start":{"line":3,"column":2},"end":{"line":3,"column":null}},"3":{"start":{"line":6,"column":22},"end":{"line":8,"column":1}},"4":{"start":{"line":7,"column":2},"end":{"line":7,"column":68}},"5":{"start":{"line":7,"column":39},"end":{"line":7,"column":68}},"6":{"start":{"line":6,"column":13},"end":{"line":6,"column":22}}},"fnMap":{"0":{"name":"(anonymous_0)","decl":{"start":{"line":1,"column":0},"end":{"line":1,"column":12}},"loc":{"start":{"line":1,"column":19},"end":{"line":4,"column":1}}},"1":{"name":"(anonymous_1)","decl":{"start":{"line":6,"column":22},"end":{"line":6,"column":23}},"loc":{"start":{"line":6,"column":56},"end":{"line":8,"column":1}}}},"branchMap":{"0":{"loc":{"start":{"line":1,"column":12},"end":{"line":1,"column":null}},"type":"binary-expr","locations":[{"start":{"line":1,"column":12},"end":{"line":1,"column":19}},{"start":{"line":1,"column":19},"end":{"line":1,"column":null}}]},"1":{"loc":{"start":{"line":7,"column":2},"end":{"line":7,"column":68}},"type":"if","locations":[{"start":{"line":7,"column":2},"end":{"line":7,"column":68}}]}},"s":{"0":4,"1":4,"2":4,"3":4,"4":8,"5":0,"6":4},"f":{"0":4,"1":8},"b":{"0":[4,4],"1":[0]}}
,"/Users/giovannisalas/repos/eden-heardle-cronjobs/src/utils/parseRequestBody.ts": {"path":"/Users/giovannisalas/repos/eden-heardle-cronjobs/src/utils/parseRequestBody.ts","statementMap":{"0":{"start":{"line":14,"column":17},"end":{"line":16,"column":1}},"1":{"start":{"line":15,"column":2},"end":{"line":15,"column":60}},"2":{"start":{"line":18,"column":20},"end":{"line":24,"column":1}},"3":{"start":{"line":19,"column":2},"end":{"line":21,"column":3}},"4":{"start":{"line":20,"column":4},"end":{"line":20,"column":57}},"5":{"start":{"line":23,"column":2},"end":{"line":23,"column":13}},"6":{"start":{"line":26,"column":17},"end":{"line":28,"column":1}},"7":{"start":{"line":27,"column":2},"end":{"line":27,"column":58}},"8":{"start":{"line":30,"column":20},"end":{"line":36,"column":1}},"9":{"start":{"line":31,"column":2},"end":{"line":33,"column":3}},"10":{"start":{"line":32,"column":4},"end":{"line":32,"column":57}},"11":{"start":{"line":35,"column":2},"end":{"line":35,"column":13}},"12":{"start":{"line":38,"column":15},"end":{"line":44,"column":1}},"13":{"start":{"line":39,"column":2},"end":{"line":41,"column":3}},"14":{"start":{"line":40,"column":4},"end":{"line":40,"column":49}},"15":{"start":{"line":43,"column":2},"end":{"line":43,"column":118}},"16":{"start":{"line":46,"column":18},"end":{"line":51,"column":1}},"17":{"start":{"line":47,"column":2},"end":{"line":49,"column":3}},"18":{"start":{"line":48,"column":4},"end":{"line":48,"column":57}},"19":{"start":{"line":50,"column":2},"end":{"line":50,"column":14}},"20":{"start":{"line":54,"column":2},"end":{"line":56,"column":3}},"21":{"start":{"line":55,"column":4},"end":{"line":55,"column":49}},"22":{"start":{"line":58,"column":2},"end":{"line":66,"column":3}},"23":{"start":{"line":59,"column":32},"end":{"line":63,"column":6}},"24":{"start":{"line":65,"column":4},"end":{"line":65,"column":19}},"25":{"start":{"line":68,"column":2},"end":{"line":68,"column":61}},"26":{"start":{"line":88,"column":9},"end":{"line":88,"column":25}},"27":{"start":{"line":72,"column":2},"end":{"line":74,"column":3}},"28":{"start":{"line":73,"column":4},"end":{"line":73,"column":49}},"29":{"start":{"line":76,"column":2},"end":{"line":83,"column":3}},"30":{"start":{"line":77,"column":35},"end":{"line":80,"column":6}},"31":{"start":{"line":82,"column":4},"end":{"line":82,"column":19}},"32":{"start":{"line":85,"column":2},"end":{"line":85,"column":61}},"33":{"start":{"line":88,"column":27},"end":{"line":88,"column":45}}},"fnMap":{"0":{"name":"(anonymous_0)","decl":{"start":{"line":14,"column":17},"end":{"line":14,"column":18}},"loc":{"start":{"line":14,"column":51},"end":{"line":16,"column":1}}},"1":{"name":"(anonymous_1)","decl":{"start":{"line":18,"column":20},"end":{"line":18,"column":21}},"loc":{"start":{"line":18,"column":45},"end":{"line":24,"column":1}}},"2":{"name":"(anonymous_2)","decl":{"start":{"line":26,"column":17},"end":{"line":26,"column":18}},"loc":{"start":{"line":26,"column":49},"end":{"line":28,"column":1}}},"3":{"name":"(anonymous_3)","decl":{"start":{"line":30,"column":20},"end":{"line":30,"column":21}},"loc":{"start":{"line":30,"column":45},"end":{"line":36,"column":1}}},"4":{"name":"(anonymous_4)","decl":{"start":{"line":38,"column":15},"end":{"line":38,"column":16}},"loc":{"start":{"line":38,"column":47},"end":{"line":44,"column":1}}},"5":{"name":"(anonymous_5)","decl":{"start":{"line":46,"column":18},"end":{"line":46,"column":19}},"loc":{"start":{"line":46,"column":42},"end":{"line":51,"column":1}}},"6":{"name":"parsePostRequest","decl":{"start":{"line":53,"column":9},"end":{"line":53,"column":25}},"loc":{"start":{"line":53,"column":39},"end":{"line":69,"column":1}}},"7":{"name":"parseDeleteRequest","decl":{"start":{"line":71,"column":9},"end":{"line":71,"column":27}},"loc":{"start":{"line":71,"column":41},"end":{"line":86,"column":1}}}},"branchMap":{"0":{"loc":{"start":{"line":15,"column":9},"end":{"line":15,"column":59}},"type":"binary-expr","locations":[{"start":{"line":15,"column":9},"end":{"line":15,"column":33}},{"start":{"line":15,"column":37},"end":{"line":15,"column":59}}]},"1":{"loc":{"start":{"line":19,"column":2},"end":{"line":21,"column":3}},"type":"if","locations":[{"start":{"line":19,"column":2},"end":{"line":21,"column":3}}]},"2":{"loc":{"start":{"line":27,"column":9},"end":{"line":27,"column":57}},"type":"binary-expr","locations":[{"start":{"line":27,"column":9},"end":{"line":27,"column":32}},{"start":{"line":27,"column":36},"end":{"line":27,"column":57}}]},"3":{"loc":{"start":{"line":31,"column":2},"end":{"line":33,"column":3}},"type":"if","locations":[{"start":{"line":31,"column":2},"end":{"line":33,"column":3}}]},"4":{"loc":{"start":{"line":39,"column":2},"end":{"line":41,"column":3}},"type":"if","locations":[{"start":{"line":39,"column":2},"end":{"line":41,"column":3}}]},"5":{"loc":{"start":{"line":39,"column":6},"end":{"line":39,"column":39}},"type":"binary-expr","locations":[{"start":{"line":39,"column":6},"end":{"line":39,"column":11}},{"start":{"line":39,"column":15},"end":{"line":39,"column":39}}]},"6":{"loc":{"start":{"line":43,"column":9},"end":{"line":43,"column":117}},"type":"binary-expr","locations":[{"start":{"line":43,"column":9},"end":{"line":43,"column":21}},{"start":{"line":43,"column":25},"end":{"line":43,"column":39}},{"start":{"line":43,"column":43},"end":{"line":43,"column":58}},{"start":{"line":43,"column":62},"end":{"line":43,"column":77}},{"start":{"line":43,"column":81},"end":{"line":43,"column":95}},{"start":{"line":43,"column":99},"end":{"line":43,"column":117}}]},"7":{"loc":{"start":{"line":47,"column":2},"end":{"line":49,"column":3}},"type":"if","locations":[{"start":{"line":47,"column":2},"end":{"line":49,"column":3}}]},"8":{"loc":{"start":{"line":54,"column":2},"end":{"line":56,"column":3}},"type":"if","locations":[{"start":{"line":54,"column":2},"end":{"line":56,"column":3}}]},"9":{"loc":{"start":{"line":54,"column":6},"end":{"line":54,"column":39}},"type":"binary-expr","locations":[{"start":{"line":54,"column":6},"end":{"line":54,"column":11}},{"start":{"line":54,"column":15},"end":{"line":54,"column":39}}]},"10":{"loc":{"start":{"line":58,"column":2},"end":{"line":66,"column":3}},"type":"if","locations":[{"start":{"line":58,"column":2},"end":{"line":66,"column":3}}]},"11":{"loc":{"start":{"line":58,"column":6},"end":{"line":58,"column":63}},"type":"binary-expr","locations":[{"start":{"line":58,"column":6},"end":{"line":58,"column":20}},{"start":{"line":58,"column":24},"end":{"line":58,"column":43}},{"start":{"line":58,"column":47},"end":{"line":58,"column":63}}]},"12":{"loc":{"start":{"line":72,"column":2},"end":{"line":74,"column":3}},"type":"if","locations":[{"start":{"line":72,"column":2},"end":{"line":74,"column":3}}]},"13":{"loc":{"start":{"line":72,"column":6},"end":{"line":72,"column":39}},"type":"binary-expr","locations":[{"start":{"line":72,"column":6},"end":{"line":72,"column":11}},{"start":{"line":72,"column":15},"end":{"line":72,"column":39}}]},"14":{"loc":{"start":{"line":76,"column":2},"end":{"line":83,"column":3}},"type":"if","locations":[{"start":{"line":76,"column":2},"end":{"line":83,"column":3}}]},"15":{"loc":{"start":{"line":76,"column":6},"end":{"line":76,"column":45}},"type":"binary-expr","locations":[{"start":{"line":76,"column":6},"end":{"line":76,"column":25}},{"start":{"line":76,"column":29},"end":{"line":76,"column":45}}]}},"s":{"0":1,"1":4,"2":1,"3":4,"4":1,"5":3,"6":1,"7":1,"8":1,"9":1,"10":0,"11":1,"12":1,"13":2,"14":1,"15":1,"16":1,"17":2,"18":0,"19":1,"20":6,"21":1,"22":5,"23":2,"24":1,"25":3,"26":1,"27":6,"28":1,"29":5,"30":2,"31":1,"32":3,"33":1},"f":{"0":4,"1":4,"2":1,"3":1,"4":2,"5":2,"6":6,"7":6},"b":{"0":[4,1],"1":[1],"2":[1,0],"3":[0],"4":[1],"5":[2,2],"6":[1,1,1,1,1,1],"7":[0],"8":[1],"9":[6,6],"10":[2],"11":[5,3,3],"12":[1],"13":[6,6],"14":[2],"15":[5,3]}}
,"/Users/giovannisalas/repos/eden-heardle-cronjobs/src/utils/setDailySong.ts": {"path":"/Users/giovannisalas/repos/eden-heardle-cronjobs/src/utils/setDailySong.ts","statementMap":{"0":{"start":{"line":1,"column":0},"end":{"line":1,"column":35}},"1":{"start":{"line":2,"column":0},"end":{"line":2,"column":29}},"2":{"start":{"line":3,"column":0},"end":{"line":3,"column":50}},"3":{"start":{"line":4,"column":0},"end":{"line":4,"column":35}},"4":{"start":{"line":5,"column":0},"end":{"line":5,"column":44}},"5":{"start":{"line":7,"column":0},"end":{"line":7,"column":50}},"6":{"start":{"line":8,"column":0},"end":{"line":8,"column":43}},"7":{"start":{"line":10,"column":0},"end":{"line":10,"column":38}},"8":{"start":{"line":14,"column":21},"end":{"line":14,"column":46}},"9":{"start":{"line":15,"column":15},"end":{"line":15,"column":53}},"10":{"start":{"line":16,"column":22},"end":{"line":19,"column":4}},"11":{"start":{"line":20,"column":23},"end":{"line":20,"column":37}},"12":{"start":{"line":21,"column":2},"end":{"line":21,"column":62}},"13":{"start":{"line":23,"column":2},"end":{"line":23,"column":22}},"14":{"start":{"line":12,"column":0},"end":{"line":12,"column":22}},"15":{"start":{"line":28,"column":24},"end":{"line":28,"column":58}},"16":{"start":{"line":29,"column":21},"end":{"line":29,"column":71}},"17":{"start":{"line":31,"column":24},"end":{"line":31,"column":66}},"18":{"start":{"line":32,"column":2},"end":{"line":32,"column":62}},"19":{"start":{"line":33,"column":2},"end":{"line":33,"column":88}},"20":{"start":{"line":34,"column":2},"end":{"line":34,"column":64}},"21":{"start":{"line":36,"column":2},"end":{"line":36,"column":25}},"22":{"start":{"line":26,"column":0},"end":{"line":26,"column":22}},"23":{"start":{"line":40,"column":2},"end":{"line":48,"column":3}},"24":{"start":{"line":41,"column":25},"end":{"line":41,"column":46}},"25":{"start":{"line":42,"column":28},"end":{"line":42,"column":66}},"26":{"start":{"line":44,"column":4},"end":{"line":44,"column":53}},"27":{"start":{"line":45,"column":4},"end":{"line":45,"column":27}},"28":{"start":{"line":47,"column":4},"end":{"line":47,"column":31}},"29":{"start":{"line":39,"column":0},"end":{"line":39,"column":22}}},"fnMap":{"0":{"name":"getRandomSong","decl":{"start":{"line":12,"column":22},"end":{"line":12,"column":35}},"loc":{"start":{"line":12,"column":35},"end":{"line":24,"column":null}}},"1":{"name":"getRandomStartTime","decl":{"start":{"line":26,"column":22},"end":{"line":26,"column":40}},"loc":{"start":{"line":26,"column":51},"end":{"line":37,"column":null}}},"2":{"name":"setDailySong","decl":{"start":{"line":39,"column":22},"end":{"line":39,"column":34}},"loc":{"start":{"line":39,"column":34},"end":{"line":49,"column":null}}}},"branchMap":{"0":{"loc":{"start":{"line":32,"column":20},"end":{"line":32,"column":61}},"type":"cond-expr","locations":[{"start":{"line":32,"column":42},"end":{"line":32,"column":43}},{"start":{"line":32,"column":46},"end":{"line":32,"column":61}}]},"1":{"loc":{"start":{"line":33,"column":20},"end":{"line":33,"column":87}},"type":"cond-expr","locations":[{"start":{"line":33,"column":55},"end":{"line":33,"column":69}},{"start":{"line":33,"column":72},"end":{"line":33,"column":87}}]}},"s":{"0":2,"1":2,"2":2,"3":2,"4":2,"5":2,"6":2,"7":2,"8":1,"9":1,"10":1,"11":1,"12":1,"13":1,"14":2,"15":1,"16":1,"17":1,"18":1,"19":1,"20":1,"21":1,"22":2,"23":0,"24":0,"25":0,"26":0,"27":0,"28":0,"29":2},"f":{"0":1,"1":1,"2":0},"b":{"0":[0,1],"1":[0,1]}}
,"/Users/giovannisalas/repos/eden-heardle-cronjobs/src/utils/updateDatabase.ts": {"path":"/Users/giovannisalas/repos/eden-heardle-cronjobs/src/utils/updateDatabase.ts","statementMap":{"0":{"start":{"line":2,"column":0},"end":{"line":2,"column":35}},"1":{"start":{"line":3,"column":0},"end":{"line":3,"column":43}},"2":{"start":{"line":6,"column":23},"end":{"line":13,"column":4}},"3":{"start":{"line":15,"column":27},"end":{"line":15,"column":82}},"4":{"start":{"line":16,"column":2},"end":{"line":16,"column":26}},"5":{"start":{"line":5,"column":0},"end":{"line":5,"column":22}},"6":{"start":{"line":20,"column":2},"end":{"line":25,"column":5}},"7":{"start":{"line":19,"column":0},"end":{"line":19,"column":22}},"8":{"start":{"line":29,"column":2},"end":{"line":43,"column":3}},"9":{"start":{"line":30,"column":22},"end":{"line":34,"column":6}},"10":{"start":{"line":35,"column":4},"end":{"line":35,"column":77}},"11":{"start":{"line":35,"column":20},"end":{"line":35,"column":77}},"12":{"start":{"line":37,"column":18},"end":{"line":39,"column":null}},"13":{"start":{"line":42,"column":4},"end":{"line":42,"column":31}},"14":{"start":{"line":47,"column":16},"end":{"line":47,"column":44}},"15":{"start":{"line":48,"column":2},"end":{"line":51,"column":3}},"16":{"start":{"line":49,"column":29},"end":{"line":49,"column":61}},"17":{"start":{"line":50,"column":4},"end":{"line":50,"column":45}},"18":{"start":{"line":46,"column":0},"end":{"line":46,"column":22}},"19":{"start":{"line":56,"column":2},"end":{"line":56,"column":49}},"20":{"start":{"line":54,"column":0},"end":{"line":54,"column":22}},"21":{"start":{"line":60,"column":24},"end":{"line":64,"column":4}},"22":{"start":{"line":65,"column":2},"end":{"line":65,"column":71}},"23":{"start":{"line":65,"column":22},"end":{"line":65,"column":71}},"24":{"start":{"line":67,"column":2},"end":{"line":67,"column":23}},"25":{"start":{"line":59,"column":0},"end":{"line":59,"column":22}},"26":{"start":{"line":72,"column":2},"end":{"line":92,"column":5}},"27":{"start":{"line":70,"column":0},"end":{"line":70,"column":22}},"28":{"start":{"line":96,"column":2},"end":{"line":109,"column":3}},"29":{"start":{"line":97,"column":4},"end":{"line":97,"column":62}},"30":{"start":{"line":99,"column":4},"end":{"line":99,"column":29}},"31":{"start":{"line":100,"column":4},"end":{"line":100,"column":25}},"32":{"start":{"line":101,"column":26},"end":{"line":101,"column":50}},"33":{"start":{"line":102,"column":4},"end":{"line":102,"column":41}},"34":{"start":{"line":104,"column":4},"end":{"line":104,"column":34}},"35":{"start":{"line":106,"column":4},"end":{"line":106,"column":73}},"36":{"start":{"line":108,"column":4},"end":{"line":108,"column":70}},"37":{"start":{"line":95,"column":0},"end":{"line":95,"column":22}}},"fnMap":{"0":{"name":"userGuessedCorrectly","decl":{"start":{"line":5,"column":22},"end":{"line":5,"column":42}},"loc":{"start":{"line":5,"column":53},"end":{"line":17,"column":null}}},"1":{"name":"updateStatistics","decl":{"start":{"line":19,"column":22},"end":{"line":19,"column":38}},"loc":{"start":{"line":19,"column":58},"end":{"line":26,"column":null}}},"2":{"name":"updateUserStreak","decl":{"start":{"line":28,"column":15},"end":{"line":28,"column":31}},"loc":{"start":{"line":28,"column":69},"end":{"line":44,"column":null}}},"3":{"name":"updateAllStreaks","decl":{"start":{"line":46,"column":22},"end":{"line":46,"column":38}},"loc":{"start":{"line":46,"column":38},"end":{"line":52,"column":null}}},"4":{"name":"resetGuesses","decl":{"start":{"line":54,"column":22},"end":{"line":54,"column":34}},"loc":{"start":{"line":54,"column":34},"end":{"line":57,"column":null}}},"5":{"name":"getNextDailySong","decl":{"start":{"line":59,"column":22},"end":{"line":59,"column":38}},"loc":{"start":{"line":59,"column":38},"end":{"line":68,"column":null}}},"6":{"name":"updateDailySong","decl":{"start":{"line":70,"column":22},"end":{"line":70,"column":37}},"loc":{"start":{"line":70,"column":62},"end":{"line":93,"column":null}}},"7":{"name":"updateDatabase","decl":{"start":{"line":95,"column":22},"end":{"line":95,"column":36}},"loc":{"start":{"line":95,"column":36},"end":{"line":110,"column":null}}}},"branchMap":{"0":{"loc":{"start":{"line":15,"column":27},"end":{"line":15,"column":68}},"type":"cond-expr","locations":[{"start":{"line":15,"column":53},"end":{"line":15,"column":55}},{"start":{"line":15,"column":53},"end":{"line":15,"column":68}}]},"1":{"loc":{"start":{"line":15,"column":27},"end":{"line":15,"column":55}},"type":"binary-expr","locations":[{"start":{"line":15,"column":27},"end":{"line":15,"column":55}},{"start":{"line":15,"column":53},"end":{"line":15,"column":55}}]},"2":{"loc":{"start":{"line":15,"column":27},"end":{"line":15,"column":53}},"type":"cond-expr","locations":[{"start":{"line":15,"column":39},"end":{"line":15,"column":41}},{"start":{"line":15,"column":27},"end":{"line":15,"column":53}}]},"3":{"loc":{"start":{"line":15,"column":27},"end":{"line":15,"column":41}},"type":"binary-expr","locations":[{"start":{"line":15,"column":27},"end":{"line":15,"column":41}},{"start":{"line":15,"column":27},"end":{"line":15,"column":41}}]},"4":{"loc":{"start":{"line":29,"column":2},"end":{"line":43,"column":3}},"type":"if","locations":[{"start":{"line":29,"column":2},"end":{"line":43,"column":3}}]},"5":{"loc":{"start":{"line":35,"column":4},"end":{"line":35,"column":77}},"type":"if","locations":[{"start":{"line":35,"column":4},"end":{"line":35,"column":77}}]},"6":{"loc":{"start":{"line":65,"column":2},"end":{"line":65,"column":71}},"type":"if","locations":[{"start":{"line":65,"column":2},"end":{"line":65,"column":71}}]}},"s":{"0":3,"1":3,"2":5,"3":5,"4":5,"5":3,"6":2,"7":3,"8":3,"9":1,"10":1,"11":0,"12":1,"13":1,"14":1,"15":1,"16":3,"17":3,"18":3,"19":1,"20":3,"21":1,"22":1,"23":0,"24":1,"25":3,"26":1,"27":3,"28":0,"29":0,"30":0,"31":0,"32":0,"33":0,"34":0,"35":0,"36":0,"37":3},"f":{"0":5,"1":2,"2":3,"3":1,"4":1,"5":1,"6":1,"7":0},"b":{"0":[0,5],"1":[5,5],"2":[0,5],"3":[5,5],"4":[1],"5":[0],"6":[0]}}
}
