TN:
SF:src/app.ts
FN:18,(anonymous_1)
FNF:1
FNH:0
FNDA:0,(anonymous_1)
DA:1,1
DA:2,1
DA:3,1
DA:4,1
DA:5,1
DA:6,1
DA:8,1
DA:10,1
DA:12,1
DA:14,1
DA:15,1
DA:17,1
DA:18,1
DA:20,1
LF:14
LH:14
BRF:0
BRH:0
end_of_record
TN:
SF:src/controllers/customHeardleController.ts
FN:7,(anonymous_8)
FN:7,(anonymous_9)
FN:23,(anonymous_10)
FN:23,(anonymous_11)
FNF:4
FNH:4
FNDA:2,(anonymous_8)
FNDA:2,(anonymous_9)
FNDA:2,(anonymous_10)
FNDA:2,(anonymous_11)
DA:2,1
DA:3,1
DA:4,1
DA:5,1
DA:7,2
DA:8,2
DA:9,2
DA:11,1
DA:13,1
DA:15,1
DA:16,1
DA:18,1
DA:19,1
DA:23,2
DA:24,2
DA:25,2
DA:27,1
DA:29,1
DA:33,1
DA:34,1
DA:36,1
DA:37,1
DA:41,1
LF:23
LH:23
BRF:0
BRH:0
end_of_record
TN:
SF:src/lib/cron.ts
FN:4,(anonymous_0)
FNF:1
FNH:1
FNDA:1,(anonymous_0)
DA:1,1
DA:2,1
DA:4,1
DA:5,1
DA:7,0
DA:9,0
LF:6
LH:4
BRDA:5,0,0,1
BRF:1
BRH:1
end_of_record
TN:
SF:src/lib/supabase.ts
FNF:0
FNH:0
DA:1,2
DA:4,2
DA:6,2
LF:3
LH:3
BRF:0
BRH:0
end_of_record
TN:
SF:src/routes/customHeardle.ts
FN:6,(anonymous_0)
FNF:1
FNH:1
FNDA:1,(anonymous_0)
DA:1,1
DA:2,1
DA:4,1
DA:6,1
DA:7,1
DA:10,1
DA:12,1
DA:14,1
LF:8
LH:8
BRF:0
BRH:0
end_of_record
TN:
SF:src/utils/corsOptions.ts
FN:6,(anonymous_0)
FNF:1
FNH:1
FNDA:5,(anonymous_0)
DA:3,1
DA:5,1
DA:7,5
DA:8,5
DA:10,0
LF:5
LH:4
BRDA:3,0,0,1
BRDA:3,0,1,0
BRDA:7,1,0,5
BRDA:7,1,1,0
BRDA:7,2,0,5
BRDA:7,2,1,0
BRF:6
BRH:3
end_of_record
TN:
SF:src/utils/downloadMp3.ts
FN:19,ytdlDownload
FN:20,(anonymous_10)
FN:27,(anonymous_11)
FN:27,(anonymous_12)
FN:31,(anonymous_13)
FN:38,m4aToMp3
FN:39,(anonymous_16)
FN:45,(anonymous_17)
FN:45,(anonymous_18)
FN:49,(anonymous_19)
FN:57,getMp3File
FN:58,(anonymous_22)
FN:79,uploadToDatabase
FN:193,downloadMp3
FNF:14
FNH:0
FNDA:0,ytdlDownload
FNDA:0,(anonymous_10)
FNDA:0,(anonymous_11)
FNDA:0,(anonymous_12)
FNDA:0,(anonymous_13)
FNDA:0,m4aToMp3
FNDA:0,(anonymous_16)
FNDA:0,(anonymous_17)
FNDA:0,(anonymous_18)
FNDA:0,(anonymous_19)
FNDA:0,getMp3File
FNDA:0,(anonymous_22)
FNDA:0,uploadToDatabase
FNDA:0,downloadMp3
DA:2,2
DA:3,2
DA:4,2
DA:5,2
DA:6,2
DA:7,2
DA:8,2
DA:9,2
DA:17,2
DA:19,2
DA:20,0
DA:21,0
DA:27,0
DA:28,0
DA:29,0
DA:32,0
DA:33,0
DA:38,2
DA:39,0
DA:41,0
DA:45,0
DA:46,0
DA:47,0
DA:50,0
DA:51,0
DA:57,2
DA:58,0
DA:59,0
DA:60,0
DA:62,0
DA:63,0
DA:65,0
DA:71,0
DA:73,0
DA:74,0
DA:79,2
DA:80,0
DA:81,0
DA:84,0
DA:89,0
DA:91,0
DA:93,0
DA:94,0
DA:95,0
DA:96,0
DA:99,0
DA:101,0
DA:102,0
DA:103,0
DA:104,0
DA:107,0
DA:109,0
DA:122,0
DA:124,0
DA:127,0
DA:132,0
DA:133,0
DA:135,0
DA:138,0
DA:139,0
DA:140,0
DA:145,0
DA:147,0
DA:148,0
DA:149,0
DA:150,0
DA:153,0
DA:155,0
DA:156,0
DA:157,0
DA:158,0
DA:161,0
DA:163,0
DA:187,0
DA:189,0
DA:193,2
DA:194,0
DA:195,0
DA:197,0
DA:198,0
DA:200,0
DA:201,0
DA:203,0
DA:205,0
DA:207,0
DA:208,0
LF:86
LH:14
BRDA:80,0,0,0
BRDA:80,0,1,0
BRDA:89,1,0,0
BRDA:94,2,0,0
BRDA:102,3,0,0
BRDA:116,4,0,0
BRDA:116,4,1,0
BRDA:116,5,0,0
BRDA:116,5,1,0
BRDA:116,6,0,0
BRDA:116,6,1,0
BRDA:116,7,0,0
BRDA:116,7,1,0
BRDA:132,8,0,0
BRDA:132,9,0,0
BRDA:132,9,1,0
BRDA:132,9,2,0
BRDA:139,10,0,0
BRDA:148,11,0,0
BRDA:156,12,0,0
BRDA:171,13,0,0
BRDA:171,13,1,0
BRDA:171,14,0,0
BRDA:171,14,1,0
BRDA:181,15,0,0
BRDA:181,15,1,0
BRDA:181,16,0,0
BRDA:181,16,1,0
BRDA:181,17,0,0
BRDA:181,17,1,0
BRDA:181,18,0,0
BRDA:181,18,1,0
BRDA:194,19,0,0
BRDA:194,19,1,0
BRDA:195,20,0,0
BRDA:195,20,1,0
BRF:36
BRH:0
end_of_record
TN:
SF:src/utils/logger.ts
FN:1,(anonymous_0)
FN:6,(anonymous_1)
FNF:2
FNH:2
FNDA:4,(anonymous_0)
FNDA:8,(anonymous_1)
DA:1,4
DA:2,4
DA:3,4
DA:6,4
DA:7,8
LF:5
LH:5
BRDA:1,0,0,4
BRDA:1,0,1,4
BRDA:7,1,0,0
BRF:3
BRH:2
end_of_record
TN:
SF:src/utils/parseRequestBody.ts
FN:14,(anonymous_0)
FN:18,(anonymous_1)
FN:26,(anonymous_2)
FN:30,(anonymous_3)
FN:38,(anonymous_4)
FN:46,(anonymous_5)
FN:53,parsePostRequest
FN:71,parseDeleteRequest
FNF:8
FNH:8
FNDA:4,(anonymous_0)
FNDA:4,(anonymous_1)
FNDA:1,(anonymous_2)
FNDA:1,(anonymous_3)
FNDA:2,(anonymous_4)
FNDA:2,(anonymous_5)
FNDA:6,parsePostRequest
FNDA:6,parseDeleteRequest
DA:14,1
DA:15,4
DA:18,1
DA:19,4
DA:20,1
DA:23,3
DA:26,1
DA:27,1
DA:30,1
DA:31,1
DA:32,0
DA:35,1
DA:38,1
DA:39,2
DA:40,1
DA:43,1
DA:46,1
DA:47,2
DA:48,0
DA:50,1
DA:54,6
DA:55,1
DA:58,5
DA:59,2
DA:65,1
DA:68,3
DA:72,6
DA:73,1
DA:76,5
DA:77,2
DA:82,1
DA:85,3
DA:88,1
LF:33
LH:31
BRDA:15,0,0,4
BRDA:15,0,1,1
BRDA:19,1,0,1
BRDA:27,2,0,1
BRDA:27,2,1,0
BRDA:31,3,0,0
BRDA:39,4,0,1
BRDA:39,5,0,2
BRDA:39,5,1,2
BRDA:43,6,0,1
BRDA:43,6,1,1
BRDA:43,6,2,1
BRDA:43,6,3,1
BRDA:43,6,4,1
BRDA:43,6,5,1
BRDA:47,7,0,0
BRDA:54,8,0,1
BRDA:54,9,0,6
BRDA:54,9,1,6
BRDA:58,10,0,2
BRDA:58,11,0,5
BRDA:58,11,1,3
BRDA:58,11,2,3
BRDA:72,12,0,1
BRDA:72,13,0,6
BRDA:72,13,1,6
BRDA:76,14,0,2
BRDA:76,15,0,5
BRDA:76,15,1,3
BRF:29
BRH:26
end_of_record
TN:
SF:src/utils/setDailySong.ts
FN:12,getRandomSong
FN:26,getRandomStartTime
FN:39,setDailySong
FNF:3
FNH:2
FNDA:1,getRandomSong
FNDA:1,getRandomStartTime
FNDA:0,setDailySong
DA:1,2
DA:2,2
DA:3,2
DA:4,2
DA:5,2
DA:7,2
DA:8,2
DA:10,2
DA:12,2
DA:14,1
DA:15,1
DA:16,1
DA:20,1
DA:21,1
DA:23,1
DA:26,2
DA:28,1
DA:29,1
DA:31,1
DA:32,1
DA:33,1
DA:34,1
DA:36,1
DA:39,2
DA:40,0
DA:41,0
DA:42,0
DA:44,0
DA:45,0
DA:47,0
LF:30
LH:24
BRDA:32,0,0,0
BRDA:32,0,1,1
BRDA:33,1,0,0
BRDA:33,1,1,1
BRF:4
BRH:2
end_of_record
TN:
SF:src/utils/updateDatabase.ts
FN:5,userGuessedCorrectly
FN:19,updateStatistics
FN:28,updateUserStreak
FN:46,updateAllStreaks
FN:54,resetGuesses
FN:59,getNextDailySong
FN:70,updateDailySong
FN:95,updateDatabase
FNF:8
FNH:7
FNDA:5,userGuessedCorrectly
FNDA:2,updateStatistics
FNDA:3,updateUserStreak
FNDA:1,updateAllStreaks
FNDA:1,resetGuesses
FNDA:1,getNextDailySong
FNDA:1,updateDailySong
FNDA:0,updateDatabase
DA:2,3
DA:3,3
DA:5,3
DA:6,5
DA:15,5
DA:16,5
DA:19,3
DA:20,2
DA:29,3
DA:30,1
DA:35,1
DA:37,1
DA:42,1
DA:46,3
DA:47,1
DA:48,1
DA:49,3
DA:50,3
DA:54,3
DA:56,1
DA:59,3
DA:60,1
DA:65,1
DA:67,1
DA:70,3
DA:72,1
DA:95,3
DA:96,0
DA:97,0
DA:99,0
DA:100,0
DA:101,0
DA:102,0
DA:104,0
DA:106,0
DA:108,0
LF:36
LH:27
BRDA:15,0,0,0
BRDA:15,0,1,5
BRDA:15,1,0,5
BRDA:15,1,1,5
BRDA:15,2,0,0
BRDA:15,2,1,5
BRDA:15,3,0,5
BRDA:15,3,1,5
BRDA:29,4,0,1
BRDA:35,5,0,0
BRDA:65,6,0,0
BRF:11
BRH:7
end_of_record
